INFO:protocol.transport:Registered agent Analyst at http://localhost:8001
INFO:protocol.transport:Registered agent Developer at http://localhost:8002
INFO:protocol.transport:Registered agent Tester at http://localhost:8003
/home/kozocom/Workspace/research/A2A/A2AWebBuilder/backend/main.py:86: DeprecationWarning: 
        on_event is deprecated, use lifespan event handlers instead.

        Read more about it in the
        [FastAPI docs for Lifespan Events](https://fastapi.tiangolo.com/advanced/events/).
        
  @app.on_event("startup")
INFO:__main__:Starting Main Orchestrator on port 8000
INFO:     Started server process [232746]
INFO:     Waiting for application startup.
INFO:__main__:Checking agent health...
INFO:httpx:HTTP Request: GET http://localhost:8001/health "HTTP/1.1 200 OK"
INFO:httpx:HTTP Request: GET http://localhost:8002/health "HTTP/1.1 200 OK"
INFO:httpx:HTTP Request: GET http://localhost:8003/health "HTTP/1.1 200 OK"
INFO:__main__:✓ Analyst agent is healthy
INFO:__main__:✓ Developer agent is healthy
INFO:__main__:✓ Tester agent is healthy
INFO:     Application startup complete.
INFO:     Uvicorn running on http://0.0.0.0:8000 (Press CTRL+C to quit)
INFO:     ('127.0.0.1', 55984) - "WebSocket /ws" [accepted]
INFO:     connection open
INFO:     ('127.0.0.1', 55988) - "WebSocket /ws" [accepted]
INFO:     connection open
INFO:httpx:HTTP Request: GET http://localhost:8001/health "HTTP/1.1 200 OK"
INFO:httpx:HTTP Request: GET http://localhost:8002/health "HTTP/1.1 200 OK"
INFO:httpx:HTTP Request: GET http://localhost:8003/health "HTTP/1.1 200 OK"
INFO:     127.0.0.1:39532 - "GET /health HTTP/1.1" 200 OK
